<!DOCTYPE html PUBLIC "-//W3C//DTD XHTML 1.1//EN" "https://www.w3.org/TR/xhtml11/DTD/xhtml11.dtd">
<html xmlns="https://www.w3.org/1999/xhtml">
<head>
<meta http-equiv="content-type" content="text/html; charset=UTF-8"/>
<title>TestNG Report</title>
<style type="text/css">table {margin-bottom:10px;border-collapse:collapse;empty-cells:show}th,td {border:1px solid #009;padding:.25em .5em}th {vertical-align:bottom}td {vertical-align:top}table a {font-weight:bold}.stripe td {background-color: #E6EBF9}.num {text-align:right}.passedodd td {background-color: #3F3}.passedeven td {background-color: #0A0}.skippedodd td {background-color: #DDD}.skippedeven td {background-color: #CCC}.failedodd td,.attn {background-color: #F33}.failedeven td,.stripe .attn {background-color: #D00}.stacktrace {white-space:pre;font-family:monospace}.totop {font-size:85%;text-align:center;border-bottom:2px solid #000}.invisible {display:none}</style>
</head>
<body>
<table>
<tr><th>Test</th><th># Passed</th><th># Skipped</th><th># Retried</th><th># Failed</th><th>Time (ms)</th><th>Included Groups</th><th>Excluded Groups</th></tr>
<tr><th colspan="8">Open Cart Test Regression Playwright Suite</th></tr>
<tr><td><a href="#t0">Open Cart Login Page Test</a></td><td class="num">2</td><td class="num">0</td><td class="num">0</td><td class="num attn">1</td><td class="num">17,074</td><td></td><td></td></tr>
<tr class="stripe"><td><a href="#t1">Open Cart Home Page Test</a></td><td class="num">5</td><td class="num">0</td><td class="num">0</td><td class="num">0</td><td class="num">17,939</td><td></td><td></td></tr>
<tr><th>Total</th><th class="num">7</th><th class="num">0</th><th class="num">0</th><th class="num attn">1</th><th class="num">35,013</th><th colspan="2"></th></tr>
</table>
<table id='summary'><thead><tr><th>Class</th><th>Method</th><th>Start</th><th>Time (ms)</th></tr></thead><tbody><tr><th colspan="4">Open Cart Test Regression Playwright Suite</th></tr></tbody><tbody id="t0"><tr><th colspan="4">Open Cart Login Page Test &#8212; failed</th></tr><tr class="failedeven"><td rowspan="1">com.qa.opencart.tests.LoginPageTest</td><td><a href="#m0">appLoginTest</a></td><td rowspan="1">1755515686535</td><td rowspan="1">473</td></tr><tr><th colspan="4">Open Cart Login Page Test &#8212; passed</th></tr><tr class="passedeven"><td rowspan="2">com.qa.opencart.tests.LoginPageTest</td><td><a href="#m1">forgotPwdLinkExistTest</a></td><td rowspan="1">1755515686492</td><td rowspan="1">41</td></tr><tr class="passedeven"><td><a href="#m2">loginPageNavigationTest</a></td><td rowspan="1">1755515685766</td><td rowspan="1">721</td></tr></tbody>
<tbody id="t1"><tr><th colspan="4">Open Cart Home Page Test &#8212; passed</th></tr><tr class="passedeven"><td rowspan="5">com.qa.opencart.tests.HomePageTest</td><td><a href="#m3">homePageTitleTest</a></td><td rowspan="1">1755515685908</td><td rowspan="1">17</td></tr><tr class="passedeven"><td><a href="#m4">homePageURL</a></td><td rowspan="1">1755515685933</td><td rowspan="1">3</td></tr><tr class="passedeven"><td><a href="#m5">searchTest</a></td><td rowspan="3">1755515685946</td><td rowspan="3">565</td></tr><tr class="passedeven"><td><a href="#m6">searchTest</a></td></tr><tr class="passedeven"><td><a href="#m7">searchTest</a></td></tr></tbody>
</table>
<h2>Open Cart Login Page Test</h2><h3 id="m0">com.qa.opencart.tests.LoginPageTest#appLoginTest</h3><table class="result"><tr><th>Exception</th></tr><tr><td><div class="stacktrace">com.microsoft.playwright.PlaywrightException: Error {
  message=&apos;Unexpected token &quot;&quot; while parsing css selector &quot;&quot;. Did you mean to CSS.escape it?
  name=&apos;Error
  stack=&apos;Error: Unexpected token &quot;&quot; while parsing css selector &quot;&quot;. Did you mean to CSS.escape it?
    at unexpected (C:\Users\amits\AppData\Local\Temp\playwright-java-16052119007012967509\package\lib\utils\isomorphic\cssParser.js:69:12)
    at consumeSimpleSelector (C:\Users\amits\AppData\Local\Temp\playwright-java-16052119007012967509\package\lib\utils\isomorphic\cssParser.js:200:13)
    at consumeComplexSelector (C:\Users\amits\AppData\Local\Temp\playwright-java-16052119007012967509\package\lib\utils\isomorphic\cssParser.js:133:40)
    at consumeArgument (C:\Users\amits\AppData\Local\Temp\playwright-java-16052119007012967509\package\lib\utils\isomorphic\cssParser.js:125:12)
    at consumeFunctionArguments (C:\Users\amits\AppData\Local\Temp\playwright-java-16052119007012967509\package\lib\utils\isomorphic\cssParser.js:109:22)
    at parseCSS (C:\Users\amits\AppData\Local\Temp\playwright-java-16052119007012967509\package\lib\utils\isomorphic\cssParser.js:217:18)
    at parseSelector (C:\Users\amits\AppData\Local\Temp\playwright-java-16052119007012967509\package\lib\utils\isomorphic\selectorParser.js:43:55)
    at splitSelectorByFrame (C:\Users\amits\AppData\Local\Temp\playwright-java-16052119007012967509\package\lib\utils\isomorphic\selectorParser.js:85:20)
    at FrameSelectors.resolveFrameForSelector (C:\Users\amits\AppData\Local\Temp\playwright-java-16052119007012967509\package\lib\server\frameSelectors.js:101:72)
    at FrameSelectors.resolveInjectedForSelector (C:\Users\amits\AppData\Local\Temp\playwright-java-16052119007012967509\package\lib\server\frameSelectors.js:137:33)
}
Call log:
-     - checking visibility of

	at com.microsoft.playwright.impl.WaitableResult.get(WaitableResult.java:56)
	at com.microsoft.playwright.impl.ChannelOwner.runUntil(ChannelOwner.java:138)
	at com.microsoft.playwright.impl.Connection.sendMessage(Connection.java:131)
	at com.microsoft.playwright.impl.ChannelOwner.sendMessage(ChannelOwner.java:124)
	at com.microsoft.playwright.impl.FrameImpl.isVisibleImpl(FrameImpl.java:597)
	at com.microsoft.playwright.impl.PageImpl.isVisible(PageImpl.java:978)
	at com.microsoft.playwright.Page.isVisible(Page.java:5716)
	at com.qa.opencart.pages.LoginPage.doLogin(LoginPage.java:34)
	at com.qa.opencart.tests.LoginPageTest.appLoginTest(LoginPageTest.java:27)
	at java.base/jdk.internal.reflect.DirectMethodHandleAccessor.invoke(DirectMethodHandleAccessor.java:103)
	at java.base/java.lang.reflect.Method.invoke(Method.java:580)
	at org.testng.internal.invokers.MethodInvocationHelper.invokeMethod(MethodInvocationHelper.java:136)
	at org.testng.internal.invokers.TestInvoker.invokeMethod(TestInvoker.java:658)
	at org.testng.internal.invokers.TestInvoker.invokeTestMethod(TestInvoker.java:219)
	at org.testng.internal.invokers.MethodRunner.runInSequence(MethodRunner.java:50)
	at org.testng.internal.invokers.TestInvoker$MethodInvocationAgent.invoke(TestInvoker.java:923)
	at org.testng.internal.invokers.TestInvoker.invokeTestMethods(TestInvoker.java:192)
	at org.testng.internal.invokers.TestMethodWorker.invokeTestMethods(TestMethodWorker.java:146)
	at org.testng.internal.invokers.TestMethodWorker.run(TestMethodWorker.java:128)
	at java.base/java.util.ArrayList.forEach(ArrayList.java:1596)
	at org.testng.TestRunner.privateRun(TestRunner.java:808)
	at org.testng.TestRunner.run(TestRunner.java:603)
	at org.testng.SuiteRunner.runTest(SuiteRunner.java:429)
	at org.testng.SuiteRunner.access$000(SuiteRunner.java:32)
	at org.testng.SuiteRunner$SuiteWorker.run(SuiteRunner.java:467)
	at org.testng.internal.thread.ThreadUtil.lambda$execute$0(ThreadUtil.java:58)
	at java.base/java.util.concurrent.FutureTask.run(FutureTask.java:317)
	at java.base/java.util.concurrent.ThreadPoolExecutor.runWorker(ThreadPoolExecutor.java:1144)
	at java.base/java.util.concurrent.ThreadPoolExecutor$Worker.run(ThreadPoolExecutor.java:642)
	at java.base/java.lang.Thread.run(Thread.java:1583)
Caused by: com.microsoft.playwright.impl.DriverException: Error {
  message=&apos;Unexpected token &quot;&quot; while parsing css selector &quot;&quot;. Did you mean to CSS.escape it?
  name=&apos;Error
  stack=&apos;Error: Unexpected token &quot;&quot; while parsing css selector &quot;&quot;. Did you mean to CSS.escape it?
    at unexpected (C:\Users\amits\AppData\Local\Temp\playwright-java-16052119007012967509\package\lib\utils\isomorphic\cssParser.js:69:12)
    at consumeSimpleSelector (C:\Users\amits\AppData\Local\Temp\playwright-java-16052119007012967509\package\lib\utils\isomorphic\cssParser.js:200:13)
    at consumeComplexSelector (C:\Users\amits\AppData\Local\Temp\playwright-java-16052119007012967509\package\lib\utils\isomorphic\cssParser.js:133:40)
    at consumeArgument (C:\Users\amits\AppData\Local\Temp\playwright-java-16052119007012967509\package\lib\utils\isomorphic\cssParser.js:125:12)
    at consumeFunctionArguments (C:\Users\amits\AppData\Local\Temp\playwright-java-16052119007012967509\package\lib\utils\isomorphic\cssParser.js:109:22)
    at parseCSS (C:\Users\amits\AppData\Local\Temp\playwright-java-16052119007012967509\package\lib\utils\isomorphic\cssParser.js:217:18)
    at parseSelector (C:\Users\amits\AppData\Local\Temp\playwright-java-16052119007012967509\package\lib\utils\isomorphic\selectorParser.js:43:55)
    at splitSelectorByFrame (C:\Users\amits\AppData\Local\Temp\playwright-java-16052119007012967509\package\lib\utils\isomorphic\selectorParser.js:85:20)
    at FrameSelectors.resolveFrameForSelector (C:\Users\amits\AppData\Local\Temp\playwright-java-16052119007012967509\package\lib\server\frameSelectors.js:101:72)
    at FrameSelectors.resolveInjectedForSelector (C:\Users\amits\AppData\Local\Temp\playwright-java-16052119007012967509\package\lib\server\frameSelectors.js:137:33)
}
Call log:
-     - checking visibility of

	at com.microsoft.playwright.impl.Connection.dispatch(Connection.java:262)
	at com.microsoft.playwright.impl.Connection.processOneMessage(Connection.java:214)
	at com.microsoft.playwright.impl.ChannelOwner.runUntil(ChannelOwner.java:136)
	... 28 more
</div></td></tr></table><p class="totop"><a href="#summary">back to summary</a></p>
<h3 id="m1">com.qa.opencart.tests.LoginPageTest#forgotPwdLinkExistTest</h3><table class="result"><tr><th class="invisible"/></tr></table><p class="totop"><a href="#summary">back to summary</a></p>
<h3 id="m2">com.qa.opencart.tests.LoginPageTest#loginPageNavigationTest</h3><table class="result"><tr><th class="invisible"/></tr></table><p class="totop"><a href="#summary">back to summary</a></p>
<h2>Open Cart Home Page Test</h2><h3 id="m3">com.qa.opencart.tests.HomePageTest#homePageTitleTest</h3><table class="result"><tr><th class="invisible"/></tr></table><p class="totop"><a href="#summary">back to summary</a></p>
<h3 id="m4">com.qa.opencart.tests.HomePageTest#homePageURL</h3><table class="result"><tr><th class="invisible"/></tr></table><p class="totop"><a href="#summary">back to summary</a></p>
<h3 id="m5">com.qa.opencart.tests.HomePageTest#searchTest</h3><table class="result"><tr class="param"><th>Parameter #1</th></tr><tr class="param stripe"><td>MacBook</td></tr></table><p class="totop"><a href="#summary">back to summary</a></p>
<h3 id="m6">com.qa.opencart.tests.HomePageTest#searchTest</h3><table class="result"><tr class="param"><th>Parameter #1</th></tr><tr class="param stripe"><td>Samsung</td></tr></table><p class="totop"><a href="#summary">back to summary</a></p>
<h3 id="m7">com.qa.opencart.tests.HomePageTest#searchTest</h3><table class="result"><tr class="param"><th>Parameter #1</th></tr><tr class="param stripe"><td>imac</td></tr></table><p class="totop"><a href="#summary">back to summary</a></p>
</body>
</html>
