<!DOCTYPE html>

<html>
  <head>
  <meta charset='utf-8'>
  <title>TestNG reports</title>

    <link type="text/css" href="testng-reports1.css" rel="stylesheet" id="ultra" />
    <link type="text/css" href="testng-reports.css" rel="stylesheet" id="retro" disabled="false"/>
    <script type="text/javascript" src="jquery.min.js"></script>
    <script type="text/javascript" src="testng-reports.js"></script>
    <script type="text/javascript" src="https://www.google.com/jsapi"></script>
    <script type='text/javascript'>
      google.load('visualization', '1', {packages:['table']});
      google.setOnLoadCallback(drawTable);
      var suiteTableInitFunctions = new Array();
      var suiteTableData = new Array();
    </script>
    <!--
      <script type="text/javascript" src="jquery-ui/js/jquery-ui-1.8.16.custom.min.js"></script>
     -->
  </head>

  <body>
    <div class="top-banner-root">
      <span class="top-banner-title-font">Test results</span>
      <button id="button" class="button">Switch Retro Theme</button> <!-- button -->
      <br/>
      <span class="top-banner-font-1">1 suite, 1 failed test</span>
    </div> <!-- top-banner-root -->
    <div class="navigator-root">
      <div class="navigator-suite-header">
        <span>All suites</span>
        <a href="#" title="Collapse/expand all the suites" class="collapse-all-link">
          <img src="collapseall.gif" class="collapse-all-icon">
          </img> <!-- collapse-all-icon -->
        </a> <!-- collapse-all-link -->
      </div> <!-- navigator-suite-header -->
      <div class="suite">
        <div class="rounded-window">
          <div class="suite-header light-rounded-window-top">
            <a href="#" panel-name="suite-Open_Cart_Test_Regression_Playwright_Suite" class="navigator-link">
              <span class="suite-name border-failed">Open Cart Test Regression Playwright Suite</span>
            </a> <!-- navigator-link -->
          </div> <!-- suite-header light-rounded-window-top -->
          <div class="navigator-suite-content">
            <div class="suite-section-title">
              <span>Info</span>
            </div> <!-- suite-section-title -->
            <div class="suite-section-content">
              <ul>
                <li>
                  <a href="#" panel-name="test-xml-Open_Cart_Test_Regression_Playwright_Suite" class="navigator-link ">
                    <span>D:\Neetu\Interview\Automation\Playwright\PlaywrightPOMSeries\src\test\resources\testrunners\testng_regressions.xml</span>
                  </a> <!-- navigator-link  -->
                </li>
                <li>
                  <a href="#" panel-name="testlist-Open_Cart_Test_Regression_Playwright_Suite" class="navigator-link ">
                    <span class="test-stats">2 tests</span>
                  </a> <!-- navigator-link  -->
                </li>
                <li>
                  <a href="#" panel-name="group-Open_Cart_Test_Regression_Playwright_Suite" class="navigator-link ">
                    <span>0 groups</span>
                  </a> <!-- navigator-link  -->
                </li>
                <li>
                  <a href="#" panel-name="times-Open_Cart_Test_Regression_Playwright_Suite" class="navigator-link ">
                    <span>Times</span>
                  </a> <!-- navigator-link  -->
                </li>
                <li>
                  <a href="#" panel-name="reporter-Open_Cart_Test_Regression_Playwright_Suite" class="navigator-link ">
                    <span>Reporter output</span>
                  </a> <!-- navigator-link  -->
                </li>
                <li>
                  <a href="#" panel-name="ignored-methods-Open_Cart_Test_Regression_Playwright_Suite" class="navigator-link ">
                    <span>Ignored methods</span>
                  </a> <!-- navigator-link  -->
                </li>
                <li>
                  <a href="#" panel-name="chronological-Open_Cart_Test_Regression_Playwright_Suite" class="navigator-link ">
                    <span>Chronological view</span>
                  </a> <!-- navigator-link  -->
                </li>
              </ul>
            </div> <!-- suite-section-content -->
            <div class="result-section">
              <div class="suite-section-title">
                <span>Results</span>
              </div> <!-- suite-section-title -->
              <div class="suite-section-content">
                <ul>
                  <li>
                    <span class="method-stats">8 methods, 1 failed,   7 passed</span>
                  </li>
                  <li>
                    <span class="method-list-title failed">Failed methods</span>
                    <span class="show-or-hide-methods failed">
                      <a href="#" panel-name="suite-Open_Cart_Test_Regression_Playwright_Suite" class="hide-methods failed suite-Open_Cart_Test_Regression_Playwright_Suite"> (hide)</a> <!-- hide-methods failed suite-Open_Cart_Test_Regression_Playwright_Suite -->
                      <a href="#" panel-name="suite-Open_Cart_Test_Regression_Playwright_Suite" class="show-methods failed suite-Open_Cart_Test_Regression_Playwright_Suite"> (show)</a> <!-- show-methods failed suite-Open_Cart_Test_Regression_Playwright_Suite -->
                    </span>
                    <div class="method-list-content failed suite-Open_Cart_Test_Regression_Playwright_Suite">
                      <span>
                        <img src="failed.png" width="3%"/>
                        <a href="#" panel-name="suite-Open_Cart_Test_Regression_Playwright_Suite" title="com.qa.opencart.tests.LoginPageTest" class="method navigator-link" hash-for-method="appLoginTest">appLoginTest</a> <!-- method navigator-link -->
                      </span>
                      <br/>
                    </div> <!-- method-list-content failed suite-Open_Cart_Test_Regression_Playwright_Suite -->
                  </li>
                  <li>
                    <span class="method-list-title passed">Passed methods</span>
                    <span class="show-or-hide-methods passed">
                      <a href="#" panel-name="suite-Open_Cart_Test_Regression_Playwright_Suite" class="hide-methods passed suite-Open_Cart_Test_Regression_Playwright_Suite"> (hide)</a> <!-- hide-methods passed suite-Open_Cart_Test_Regression_Playwright_Suite -->
                      <a href="#" panel-name="suite-Open_Cart_Test_Regression_Playwright_Suite" class="show-methods passed suite-Open_Cart_Test_Regression_Playwright_Suite"> (show)</a> <!-- show-methods passed suite-Open_Cart_Test_Regression_Playwright_Suite -->
                    </span>
                    <div class="method-list-content passed suite-Open_Cart_Test_Regression_Playwright_Suite">
                      <span>
                        <img src="passed.png" width="3%"/>
                        <a href="#" panel-name="suite-Open_Cart_Test_Regression_Playwright_Suite" title="com.qa.opencart.tests.LoginPageTest" class="method navigator-link" hash-for-method="forgotPwdLinkExistTest">forgotPwdLinkExistTest</a> <!-- method navigator-link -->
                      </span>
                      <br/>
                      <span>
                        <img src="passed.png" width="3%"/>
                        <a href="#" panel-name="suite-Open_Cart_Test_Regression_Playwright_Suite" title="com.qa.opencart.tests.HomePageTest" class="method navigator-link" hash-for-method="homePageTitleTest">homePageTitleTest</a> <!-- method navigator-link -->
                      </span>
                      <br/>
                      <span>
                        <img src="passed.png" width="3%"/>
                        <a href="#" panel-name="suite-Open_Cart_Test_Regression_Playwright_Suite" title="com.qa.opencart.tests.HomePageTest" class="method navigator-link" hash-for-method="homePageURL">homePageURL</a> <!-- method navigator-link -->
                      </span>
                      <br/>
                      <span>
                        <img src="passed.png" width="3%"/>
                        <a href="#" panel-name="suite-Open_Cart_Test_Regression_Playwright_Suite" title="com.qa.opencart.tests.LoginPageTest" class="method navigator-link" hash-for-method="loginPageNavigationTest">loginPageNavigationTest</a> <!-- method navigator-link -->
                      </span>
                      <br/>
                      <span>
                        <img src="passed.png" width="3%"/>
                        <a href="#" panel-name="suite-Open_Cart_Test_Regression_Playwright_Suite" title="com.qa.opencart.tests.HomePageTest" class="method navigator-link" hash-for-method="searchTest(MacBook)">searchTest(MacBook)</a> <!-- method navigator-link -->
                      </span>
                      <br/>
                      <span>
                        <img src="passed.png" width="3%"/>
                        <a href="#" panel-name="suite-Open_Cart_Test_Regression_Playwright_Suite" title="com.qa.opencart.tests.HomePageTest" class="method navigator-link" hash-for-method="searchTest(Samsung)">searchTest(Samsung)</a> <!-- method navigator-link -->
                      </span>
                      <br/>
                      <span>
                        <img src="passed.png" width="3%"/>
                        <a href="#" panel-name="suite-Open_Cart_Test_Regression_Playwright_Suite" title="com.qa.opencart.tests.HomePageTest" class="method navigator-link" hash-for-method="searchTest(imac)">searchTest(imac)</a> <!-- method navigator-link -->
                      </span>
                      <br/>
                    </div> <!-- method-list-content passed suite-Open_Cart_Test_Regression_Playwright_Suite -->
                  </li>
                </ul>
              </div> <!-- suite-section-content -->
            </div> <!-- result-section -->
          </div> <!-- navigator-suite-content -->
        </div> <!-- rounded-window -->
      </div> <!-- suite -->
    </div> <!-- navigator-root -->
    <div class="wrapper">
      <div class="main-panel-root">
        <div panel-name="suite-Open_Cart_Test_Regression_Playwright_Suite" class="panel Open_Cart_Test_Regression_Playwright_Suite">
          <div class="suite-Open_Cart_Test_Regression_Playwright_Suite-class-failed">
            <div class="main-panel-header rounded-window-top">
              <img src="failed.png"/>
              <span class="class-name">com.qa.opencart.tests.LoginPageTest</span>
            </div> <!-- main-panel-header rounded-window-top -->
            <div class="main-panel-content rounded-window-bottom">
              <div class="method">
                <div class="method-content">
                  <a name="appLoginTest">
                  </a> <!-- appLoginTest -->
                  <span class="method-name">appLoginTest</span>
                  <div class="stack-trace">com.microsoft.playwright.PlaywrightException: Error {
  message=&apos;Unexpected token &quot;&quot; while parsing css selector &quot;&quot;. Did you mean to CSS.escape it?
  name=&apos;Error
  stack=&apos;Error: Unexpected token &quot;&quot; while parsing css selector &quot;&quot;. Did you mean to CSS.escape it?
    at unexpected (C:\Users\amits\AppData\Local\Temp\playwright-java-16052119007012967509\package\lib\utils\isomorphic\cssParser.js:69:12)
    at consumeSimpleSelector (C:\Users\amits\AppData\Local\Temp\playwright-java-16052119007012967509\package\lib\utils\isomorphic\cssParser.js:200:13)
    at consumeComplexSelector (C:\Users\amits\AppData\Local\Temp\playwright-java-16052119007012967509\package\lib\utils\isomorphic\cssParser.js:133:40)
    at consumeArgument (C:\Users\amits\AppData\Local\Temp\playwright-java-16052119007012967509\package\lib\utils\isomorphic\cssParser.js:125:12)
    at consumeFunctionArguments (C:\Users\amits\AppData\Local\Temp\playwright-java-16052119007012967509\package\lib\utils\isomorphic\cssParser.js:109:22)
    at parseCSS (C:\Users\amits\AppData\Local\Temp\playwright-java-16052119007012967509\package\lib\utils\isomorphic\cssParser.js:217:18)
    at parseSelector (C:\Users\amits\AppData\Local\Temp\playwright-java-16052119007012967509\package\lib\utils\isomorphic\selectorParser.js:43:55)
    at splitSelectorByFrame (C:\Users\amits\AppData\Local\Temp\playwright-java-16052119007012967509\package\lib\utils\isomorphic\selectorParser.js:85:20)
    at FrameSelectors.resolveFrameForSelector (C:\Users\amits\AppData\Local\Temp\playwright-java-16052119007012967509\package\lib\server\frameSelectors.js:101:72)
    at FrameSelectors.resolveInjectedForSelector (C:\Users\amits\AppData\Local\Temp\playwright-java-16052119007012967509\package\lib\server\frameSelectors.js:137:33)
}
Call log:
-     - checking visibility of

	at com.microsoft.playwright.impl.WaitableResult.get(WaitableResult.java:56)
	at com.microsoft.playwright.impl.ChannelOwner.runUntil(ChannelOwner.java:138)
	at com.microsoft.playwright.impl.Connection.sendMessage(Connection.java:131)
	at com.microsoft.playwright.impl.ChannelOwner.sendMessage(ChannelOwner.java:124)
	at com.microsoft.playwright.impl.FrameImpl.isVisibleImpl(FrameImpl.java:597)
	at com.microsoft.playwright.impl.PageImpl.isVisible(PageImpl.java:978)
	at com.microsoft.playwright.Page.isVisible(Page.java:5716)
	at com.qa.opencart.pages.LoginPage.doLogin(LoginPage.java:34)
	at com.qa.opencart.tests.LoginPageTest.appLoginTest(LoginPageTest.java:27)
	at java.base/jdk.internal.reflect.DirectMethodHandleAccessor.invoke(DirectMethodHandleAccessor.java:103)
	at java.base/java.lang.reflect.Method.invoke(Method.java:580)
	at org.testng.internal.invokers.MethodInvocationHelper.invokeMethod(MethodInvocationHelper.java:136)
	at org.testng.internal.invokers.TestInvoker.invokeMethod(TestInvoker.java:658)
	at org.testng.internal.invokers.TestInvoker.invokeTestMethod(TestInvoker.java:219)
	at org.testng.internal.invokers.MethodRunner.runInSequence(MethodRunner.java:50)
	at org.testng.internal.invokers.TestInvoker$MethodInvocationAgent.invoke(TestInvoker.java:923)
	at org.testng.internal.invokers.TestInvoker.invokeTestMethods(TestInvoker.java:192)
	at org.testng.internal.invokers.TestMethodWorker.invokeTestMethods(TestMethodWorker.java:146)
	at org.testng.internal.invokers.TestMethodWorker.run(TestMethodWorker.java:128)
	at java.base/java.util.ArrayList.forEach(ArrayList.java:1596)
	at org.testng.TestRunner.privateRun(TestRunner.java:808)
	at org.testng.TestRunner.run(TestRunner.java:603)
	at org.testng.SuiteRunner.runTest(SuiteRunner.java:429)
	at org.testng.SuiteRunner.access$000(SuiteRunner.java:32)
	at org.testng.SuiteRunner$SuiteWorker.run(SuiteRunner.java:467)
	at org.testng.internal.thread.ThreadUtil.lambda$execute$0(ThreadUtil.java:58)
	at java.base/java.util.concurrent.FutureTask.run(FutureTask.java:317)
	at java.base/java.util.concurrent.ThreadPoolExecutor.runWorker(ThreadPoolExecutor.java:1144)
	at java.base/java.util.concurrent.ThreadPoolExecutor$Worker.run(ThreadPoolExecutor.java:642)
	at java.base/java.lang.Thread.run(Thread.java:1583)
Caused by: com.microsoft.playwright.impl.DriverException: Error {
  message=&apos;Unexpected token &quot;&quot; while parsing css selector &quot;&quot;. Did you mean to CSS.escape it?
  name=&apos;Error
  stack=&apos;Error: Unexpected token &quot;&quot; while parsing css selector &quot;&quot;. Did you mean to CSS.escape it?
    at unexpected (C:\Users\amits\AppData\Local\Temp\playwright-java-16052119007012967509\package\lib\utils\isomorphic\cssParser.js:69:12)
    at consumeSimpleSelector (C:\Users\amits\AppData\Local\Temp\playwright-java-16052119007012967509\package\lib\utils\isomorphic\cssParser.js:200:13)
    at consumeComplexSelector (C:\Users\amits\AppData\Local\Temp\playwright-java-16052119007012967509\package\lib\utils\isomorphic\cssParser.js:133:40)
    at consumeArgument (C:\Users\amits\AppData\Local\Temp\playwright-java-16052119007012967509\package\lib\utils\isomorphic\cssParser.js:125:12)
    at consumeFunctionArguments (C:\Users\amits\AppData\Local\Temp\playwright-java-16052119007012967509\package\lib\utils\isomorphic\cssParser.js:109:22)
    at parseCSS (C:\Users\amits\AppData\Local\Temp\playwright-java-16052119007012967509\package\lib\utils\isomorphic\cssParser.js:217:18)
    at parseSelector (C:\Users\amits\AppData\Local\Temp\playwright-java-16052119007012967509\package\lib\utils\isomorphic\selectorParser.js:43:55)
    at splitSelectorByFrame (C:\Users\amits\AppData\Local\Temp\playwright-java-16052119007012967509\package\lib\utils\isomorphic\selectorParser.js:85:20)
    at FrameSelectors.resolveFrameForSelector (C:\Users\amits\AppData\Local\Temp\playwright-java-16052119007012967509\package\lib\server\frameSelectors.js:101:72)
    at FrameSelectors.resolveInjectedForSelector (C:\Users\amits\AppData\Local\Temp\playwright-java-16052119007012967509\package\lib\server\frameSelectors.js:137:33)
}
Call log:
-     - checking visibility of

	at com.microsoft.playwright.impl.Connection.dispatch(Connection.java:262)
	at com.microsoft.playwright.impl.Connection.processOneMessage(Connection.java:214)
	at com.microsoft.playwright.impl.ChannelOwner.runUntil(ChannelOwner.java:136)
	... 28 more

</div> <!-- stack-trace -->
                </div> <!-- method-content -->
              </div> <!-- method -->
            </div> <!-- main-panel-content rounded-window-bottom -->
          </div> <!-- suite-Open_Cart_Test_Regression_Playwright_Suite-class-failed -->
          <div class="suite-Open_Cart_Test_Regression_Playwright_Suite-class-passed">
            <div class="main-panel-header rounded-window-top">
              <img src="passed.png"/>
              <span class="class-name">com.qa.opencart.tests.HomePageTest</span>
            </div> <!-- main-panel-header rounded-window-top -->
            <div class="main-panel-content rounded-window-bottom">
              <div class="method">
                <div class="method-content">
                  <a name="homePageTitleTest">
                  </a> <!-- homePageTitleTest -->
                  <span class="method-name">homePageTitleTest</span>
                </div> <!-- method-content -->
              </div> <!-- method -->
              <div class="method">
                <div class="method-content">
                  <a name="homePageURL">
                  </a> <!-- homePageURL -->
                  <span class="method-name">homePageURL</span>
                </div> <!-- method-content -->
              </div> <!-- method -->
              <div class="method">
                <div class="method-content">
                  <a name="searchTest(MacBook)">
                  </a> <!-- searchTest(MacBook) -->
                  <span class="method-name">searchTest</span>
                  <span class="parameters">(MacBook)</span>
                </div> <!-- method-content -->
              </div> <!-- method -->
              <div class="method">
                <div class="method-content">
                  <a name="searchTest(Samsung)">
                  </a> <!-- searchTest(Samsung) -->
                  <span class="method-name">searchTest</span>
                  <span class="parameters">(Samsung)</span>
                </div> <!-- method-content -->
              </div> <!-- method -->
              <div class="method">
                <div class="method-content">
                  <a name="searchTest(imac)">
                  </a> <!-- searchTest(imac) -->
                  <span class="method-name">searchTest</span>
                  <span class="parameters">(imac)</span>
                </div> <!-- method-content -->
              </div> <!-- method -->
            </div> <!-- main-panel-content rounded-window-bottom -->
          </div> <!-- suite-Open_Cart_Test_Regression_Playwright_Suite-class-passed -->
          <div class="suite-Open_Cart_Test_Regression_Playwright_Suite-class-passed">
            <div class="main-panel-header rounded-window-top">
              <img src="passed.png"/>
              <span class="class-name">com.qa.opencart.tests.LoginPageTest</span>
            </div> <!-- main-panel-header rounded-window-top -->
            <div class="main-panel-content rounded-window-bottom">
              <div class="method">
                <div class="method-content">
                  <a name="forgotPwdLinkExistTest">
                  </a> <!-- forgotPwdLinkExistTest -->
                  <span class="method-name">forgotPwdLinkExistTest</span>
                </div> <!-- method-content -->
              </div> <!-- method -->
              <div class="method">
                <div class="method-content">
                  <a name="loginPageNavigationTest">
                  </a> <!-- loginPageNavigationTest -->
                  <span class="method-name">loginPageNavigationTest</span>
                </div> <!-- method-content -->
              </div> <!-- method -->
            </div> <!-- main-panel-content rounded-window-bottom -->
          </div> <!-- suite-Open_Cart_Test_Regression_Playwright_Suite-class-passed -->
        </div> <!-- panel Open_Cart_Test_Regression_Playwright_Suite -->
        <div panel-name="test-xml-Open_Cart_Test_Regression_Playwright_Suite" class="panel">
          <div class="main-panel-header rounded-window-top">
            <span class="header-content">D:\Neetu\Interview\Automation\Playwright\PlaywrightPOMSeries\src\test\resources\testrunners\testng_regressions.xml</span>
          </div> <!-- main-panel-header rounded-window-top -->
          <div class="main-panel-content rounded-window-bottom">
            <pre>
&lt;?xml version=&quot;1.0&quot; encoding=&quot;UTF-8&quot;?&gt;
&lt;!DOCTYPE suite SYSTEM &quot;https://testng.org/testng-1.0.dtd&quot;&gt;
&lt;suite thread-count=&quot;2&quot; parallel=&quot;tests&quot; name=&quot;Open Cart Test Regression Playwright Suite&quot; guice-stage=&quot;DEVELOPMENT&quot; verbose=&quot;4&quot;&gt;
  &lt;test thread-count=&quot;2&quot; parallel=&quot;tests&quot; name=&quot;Open Cart Home Page Test&quot; verbose=&quot;4&quot;&gt;
    &lt;classes&gt;
      &lt;class name=&quot;com.qa.opencart.tests.HomePageTest&quot;/&gt;
    &lt;/classes&gt;
  &lt;/test&gt; &lt;!-- Open Cart Home Page Test --&gt;
  &lt;test thread-count=&quot;2&quot; parallel=&quot;tests&quot; name=&quot;Open Cart Login Page Test&quot; verbose=&quot;4&quot;&gt;
    &lt;classes&gt;
      &lt;class name=&quot;com.qa.opencart.tests.LoginPageTest&quot;/&gt;
    &lt;/classes&gt;
  &lt;/test&gt; &lt;!-- Open Cart Login Page Test --&gt;
&lt;/suite&gt; &lt;!-- Open Cart Test Regression Playwright Suite --&gt;
            </pre>
          </div> <!-- main-panel-content rounded-window-bottom -->
        </div> <!-- panel -->
        <div panel-name="testlist-Open_Cart_Test_Regression_Playwright_Suite" class="panel">
          <div class="main-panel-header rounded-window-top">
            <span class="header-content">Tests for Open Cart Test Regression Playwright Suite</span>
          </div> <!-- main-panel-header rounded-window-top -->
          <div class="main-panel-content rounded-window-bottom">
            <ul>
              <li>
                <span class="test-name">Open Cart Home Page Test (1 class)</span>
              </li>
              <li>
                <span class="test-name">Open Cart Login Page Test (1 class)</span>
              </li>
            </ul>
          </div> <!-- main-panel-content rounded-window-bottom -->
        </div> <!-- panel -->
        <div panel-name="group-Open_Cart_Test_Regression_Playwright_Suite" class="panel">
          <div class="main-panel-header rounded-window-top">
            <span class="header-content">Groups for Open Cart Test Regression Playwright Suite</span>
          </div> <!-- main-panel-header rounded-window-top -->
          <div class="main-panel-content rounded-window-bottom">
          </div> <!-- main-panel-content rounded-window-bottom -->
        </div> <!-- panel -->
        <div panel-name="times-Open_Cart_Test_Regression_Playwright_Suite" class="panel">
          <div class="main-panel-header rounded-window-top">
            <span class="header-content">Times for Open Cart Test Regression Playwright Suite</span>
          </div> <!-- main-panel-header rounded-window-top -->
          <div class="main-panel-content rounded-window-bottom">
            <div class="times-div">
              <script type="text/javascript">
suiteTableInitFunctions.push('tableData_Open_Cart_Test_Regression_Playwright_Suite');
function tableData_Open_Cart_Test_Regression_Playwright_Suite() {
var data = new google.visualization.DataTable();
data.addColumn('number', 'Number');
data.addColumn('string', 'Method');
data.addColumn('string', 'Class');
data.addColumn('number', 'Time (ms)');
data.addRows(8);
data.setCell(0, 0, 0)
data.setCell(0, 1, 'searchTest')
data.setCell(0, 2, 'com.qa.opencart.tests.HomePageTest')
data.setCell(0, 3, 929);
data.setCell(1, 0, 1)
data.setCell(1, 1, 'loginPageNavigationTest')
data.setCell(1, 2, 'com.qa.opencart.tests.LoginPageTest')
data.setCell(1, 3, 721);
data.setCell(2, 0, 2)
data.setCell(2, 1, 'searchTest')
data.setCell(2, 2, 'com.qa.opencart.tests.HomePageTest')
data.setCell(2, 3, 565);
data.setCell(3, 0, 3)
data.setCell(3, 1, 'appLoginTest')
data.setCell(3, 2, 'com.qa.opencart.tests.LoginPageTest')
data.setCell(3, 3, 473);
data.setCell(4, 0, 4)
data.setCell(4, 1, 'searchTest')
data.setCell(4, 2, 'com.qa.opencart.tests.HomePageTest')
data.setCell(4, 3, 434);
data.setCell(5, 0, 5)
data.setCell(5, 1, 'forgotPwdLinkExistTest')
data.setCell(5, 2, 'com.qa.opencart.tests.LoginPageTest')
data.setCell(5, 3, 41);
data.setCell(6, 0, 6)
data.setCell(6, 1, 'homePageTitleTest')
data.setCell(6, 2, 'com.qa.opencart.tests.HomePageTest')
data.setCell(6, 3, 17);
data.setCell(7, 0, 7)
data.setCell(7, 1, 'homePageURL')
data.setCell(7, 2, 'com.qa.opencart.tests.HomePageTest')
data.setCell(7, 3, 3);
window.suiteTableData['Open_Cart_Test_Regression_Playwright_Suite']= { tableData: data, tableDiv: 'times-div-Open_Cart_Test_Regression_Playwright_Suite'}
return data;
}
              </script>
              <span class="suite-total-time">Total running time: 17 seconds</span>
              <div id="times-div-Open_Cart_Test_Regression_Playwright_Suite">
              </div> <!-- times-div-Open_Cart_Test_Regression_Playwright_Suite -->
            </div> <!-- times-div -->
          </div> <!-- main-panel-content rounded-window-bottom -->
        </div> <!-- panel -->
        <div panel-name="reporter-Open_Cart_Test_Regression_Playwright_Suite" class="panel">
          <div class="main-panel-header rounded-window-top">
            <span class="header-content">Reporter output for Open Cart Test Regression Playwright Suite</span>
          </div> <!-- main-panel-header rounded-window-top -->
          <div class="main-panel-content rounded-window-bottom">
          </div> <!-- main-panel-content rounded-window-bottom -->
        </div> <!-- panel -->
        <div panel-name="ignored-methods-Open_Cart_Test_Regression_Playwright_Suite" class="panel">
          <div class="main-panel-header rounded-window-top">
            <span class="header-content">0 ignored methods</span>
          </div> <!-- main-panel-header rounded-window-top -->
          <div class="main-panel-content rounded-window-bottom">
          </div> <!-- main-panel-content rounded-window-bottom -->
        </div> <!-- panel -->
        <div panel-name="chronological-Open_Cart_Test_Regression_Playwright_Suite" class="panel">
          <div class="main-panel-header rounded-window-top">
            <span class="header-content">Methods in chronological order</span>
          </div> <!-- main-panel-header rounded-window-top -->
          <div class="main-panel-content rounded-window-bottom">
            <div class="chronological-class">
              <div class="chronological-class-name">com.qa.opencart.tests.HomePageTest</div> <!-- chronological-class-name -->
              <div class="configuration-test before">
                <span class="method-name">setup</span>
                <span class="method-start">0 ms</span>
              </div> <!-- configuration-test before -->
            </div> <!-- chronological-class -->
            <div class="chronological-class">
              <div class="chronological-class-name">com.qa.opencart.tests.LoginPageTest</div> <!-- chronological-class-name -->
              <div class="configuration-test before">
                <span class="method-name">setup</span>
                <span class="method-start">0 ms</span>
              </div> <!-- configuration-test before -->
              <div class="test-method">
                <span class="method-name">loginPageNavigationTest</span>
                <span class="method-start">15821 ms</span>
              </div> <!-- test-method -->
            </div> <!-- chronological-class -->
            <div class="chronological-class">
              <div class="chronological-class-name">com.qa.opencart.tests.HomePageTest</div> <!-- chronological-class-name -->
              <div class="test-method">
                <span class="method-name">homePageTitleTest</span>
                <span class="method-start">15963 ms</span>
              </div> <!-- test-method -->
              <div class="test-method">
                <span class="method-name">homePageURL</span>
                <span class="method-start">15988 ms</span>
              </div> <!-- test-method -->
              <div class="test-method">
                <span class="method-name">searchTest(MacBook)</span>
                <span class="method-start">16001 ms</span>
              </div> <!-- test-method -->
            </div> <!-- chronological-class -->
            <div class="chronological-class">
              <div class="chronological-class-name">com.qa.opencart.tests.LoginPageTest</div> <!-- chronological-class-name -->
              <div class="test-method">
                <span class="method-name">forgotPwdLinkExistTest</span>
                <span class="method-start">16547 ms</span>
              </div> <!-- test-method -->
            </div> <!-- chronological-class -->
            <div class="chronological-class">
              <div class="chronological-class-name">com.qa.opencart.tests.HomePageTest</div> <!-- chronological-class-name -->
              <div class="test-method">
                <span class="method-name">searchTest(imac)</span>
                <span class="method-start">16567 ms</span>
              </div> <!-- test-method -->
            </div> <!-- chronological-class -->
            <div class="chronological-class">
              <div class="chronological-class-name">com.qa.opencart.tests.LoginPageTest</div> <!-- chronological-class-name -->
              <div class="test-method">
                <img src="failed.png">
                </img>
                <span class="method-name">appLoginTest</span>
                <span class="method-start">16590 ms</span>
              </div> <!-- test-method -->
            </div> <!-- chronological-class -->
            <div class="chronological-class">
              <div class="chronological-class-name">com.qa.opencart.tests.HomePageTest</div> <!-- chronological-class-name -->
              <div class="test-method">
                <span class="method-name">searchTest(Samsung)</span>
                <span class="method-start">17498 ms</span>
              </div> <!-- test-method -->
          </div> <!-- main-panel-content rounded-window-bottom -->
        </div> <!-- panel -->
      </div> <!-- main-panel-root -->
    </div> <!-- wrapper -->
  </body>
<script type="text/javascript" src="testng-reports2.js"></script>
</html>
