<?xml version="1.0" encoding="UTF-8"?>
<testng-results ignored="0" total="8" passed="7" failed="1" skipped="0">
  <reporter-output>
  </reporter-output>
  <suite started-at="2025-08-18T16:44:29 IST" name="Open Cart Test Regression Playwright Suite" finished-at="2025-08-18T16:44:47 IST" duration-ms="17939">
    <groups>
    </groups>
    <test started-at="2025-08-18T16:44:29 IST" name="Open Cart Login Page Test" finished-at="2025-08-18T16:44:47 IST" duration-ms="17074">
      <class name="com.qa.opencart.tests.LoginPageTest">
        <test-method is-config="true" signature="setup()[pri:0, instance:com.qa.opencart.tests.LoginPageTest@4f18837a]" started-at="2025-08-18T16:44:29 IST" name="setup" finished-at="2025-08-18T16:44:45 IST" duration-ms="15798" status="PASS">
          <reporter-output>
          </reporter-output>
        </test-method> <!-- setup -->
        <test-method signature="loginPageNavigationTest()[pri:1, instance:com.qa.opencart.tests.LoginPageTest@4f18837a]" started-at="2025-08-18T16:44:45 IST" name="loginPageNavigationTest" finished-at="2025-08-18T16:44:46 IST" duration-ms="721" status="PASS">
          <reporter-output>
          </reporter-output>
        </test-method> <!-- loginPageNavigationTest -->
        <test-method signature="forgotPwdLinkExistTest()[pri:2, instance:com.qa.opencart.tests.LoginPageTest@4f18837a]" started-at="2025-08-18T16:44:46 IST" name="forgotPwdLinkExistTest" finished-at="2025-08-18T16:44:46 IST" duration-ms="41" status="PASS">
          <reporter-output>
          </reporter-output>
        </test-method> <!-- forgotPwdLinkExistTest -->
        <test-method signature="appLoginTest()[pri:3, instance:com.qa.opencart.tests.LoginPageTest@4f18837a]" started-at="2025-08-18T16:44:46 IST" name="appLoginTest" finished-at="2025-08-18T16:44:47 IST" duration-ms="473" status="FAIL">
          <exception class="com.microsoft.playwright.PlaywrightException">
            <message>
              <![CDATA[Error {
  message='Unexpected token "" while parsing css selector "". Did you mean to CSS.escape it?
  name='Error
  stack='Error: Unexpected token "" while parsing css selector "". Did you mean to CSS.escape it?
    at unexpected (C:\Users\amits\AppData\Local\Temp\playwright-java-16052119007012967509\package\lib\utils\isomorphic\cssParser.js:69:12)
    at consumeSimpleSelector (C:\Users\amits\AppData\Local\Temp\playwright-java-16052119007012967509\package\lib\utils\isomorphic\cssParser.js:200:13)
    at consumeComplexSelector (C:\Users\amits\AppData\Local\Temp\playwright-java-16052119007012967509\package\lib\utils\isomorphic\cssParser.js:133:40)
    at consumeArgument (C:\Users\amits\AppData\Local\Temp\playwright-java-16052119007012967509\package\lib\utils\isomorphic\cssParser.js:125:12)
    at consumeFunctionArguments (C:\Users\amits\AppData\Local\Temp\playwright-java-16052119007012967509\package\lib\utils\isomorphic\cssParser.js:109:22)
    at parseCSS (C:\Users\amits\AppData\Local\Temp\playwright-java-16052119007012967509\package\lib\utils\isomorphic\cssParser.js:217:18)
    at parseSelector (C:\Users\amits\AppData\Local\Temp\playwright-java-16052119007012967509\package\lib\utils\isomorphic\selectorParser.js:43:55)
    at splitSelectorByFrame (C:\Users\amits\AppData\Local\Temp\playwright-java-16052119007012967509\package\lib\utils\isomorphic\selectorParser.js:85:20)
    at FrameSelectors.resolveFrameForSelector (C:\Users\amits\AppData\Local\Temp\playwright-java-16052119007012967509\package\lib\server\frameSelectors.js:101:72)
    at FrameSelectors.resolveInjectedForSelector (C:\Users\amits\AppData\Local\Temp\playwright-java-16052119007012967509\package\lib\server\frameSelectors.js:137:33)
}
Call log:
-     - checking visibility of
]]>
            </message>
            <full-stacktrace>
              <![CDATA[com.microsoft.playwright.PlaywrightException: Error {
  message='Unexpected token "" while parsing css selector "". Did you mean to CSS.escape it?
  name='Error
  stack='Error: Unexpected token "" while parsing css selector "". Did you mean to CSS.escape it?
    at unexpected (C:\Users\amits\AppData\Local\Temp\playwright-java-16052119007012967509\package\lib\utils\isomorphic\cssParser.js:69:12)
    at consumeSimpleSelector (C:\Users\amits\AppData\Local\Temp\playwright-java-16052119007012967509\package\lib\utils\isomorphic\cssParser.js:200:13)
    at consumeComplexSelector (C:\Users\amits\AppData\Local\Temp\playwright-java-16052119007012967509\package\lib\utils\isomorphic\cssParser.js:133:40)
    at consumeArgument (C:\Users\amits\AppData\Local\Temp\playwright-java-16052119007012967509\package\lib\utils\isomorphic\cssParser.js:125:12)
    at consumeFunctionArguments (C:\Users\amits\AppData\Local\Temp\playwright-java-16052119007012967509\package\lib\utils\isomorphic\cssParser.js:109:22)
    at parseCSS (C:\Users\amits\AppData\Local\Temp\playwright-java-16052119007012967509\package\lib\utils\isomorphic\cssParser.js:217:18)
    at parseSelector (C:\Users\amits\AppData\Local\Temp\playwright-java-16052119007012967509\package\lib\utils\isomorphic\selectorParser.js:43:55)
    at splitSelectorByFrame (C:\Users\amits\AppData\Local\Temp\playwright-java-16052119007012967509\package\lib\utils\isomorphic\selectorParser.js:85:20)
    at FrameSelectors.resolveFrameForSelector (C:\Users\amits\AppData\Local\Temp\playwright-java-16052119007012967509\package\lib\server\frameSelectors.js:101:72)
    at FrameSelectors.resolveInjectedForSelector (C:\Users\amits\AppData\Local\Temp\playwright-java-16052119007012967509\package\lib\server\frameSelectors.js:137:33)
}
Call log:
-     - checking visibility of

at com.microsoft.playwright.impl.WaitableResult.get(WaitableResult.java:56)
at com.microsoft.playwright.impl.ChannelOwner.runUntil(ChannelOwner.java:138)
at com.microsoft.playwright.impl.Connection.sendMessage(Connection.java:131)
at com.microsoft.playwright.impl.ChannelOwner.sendMessage(ChannelOwner.java:124)
at com.microsoft.playwright.impl.FrameImpl.isVisibleImpl(FrameImpl.java:597)
at com.microsoft.playwright.impl.PageImpl.isVisible(PageImpl.java:978)
at com.microsoft.playwright.Page.isVisible(Page.java:5716)
at com.qa.opencart.pages.LoginPage.doLogin(LoginPage.java:34)
at com.qa.opencart.tests.LoginPageTest.appLoginTest(LoginPageTest.java:27)
at java.base/jdk.internal.reflect.DirectMethodHandleAccessor.invoke(DirectMethodHandleAccessor.java:103)
at java.base/java.lang.reflect.Method.invoke(Method.java:580)
at org.testng.internal.invokers.MethodInvocationHelper.invokeMethod(MethodInvocationHelper.java:136)
at org.testng.internal.invokers.TestInvoker.invokeMethod(TestInvoker.java:658)
at org.testng.internal.invokers.TestInvoker.invokeTestMethod(TestInvoker.java:219)
at org.testng.internal.invokers.MethodRunner.runInSequence(MethodRunner.java:50)
at org.testng.internal.invokers.TestInvoker$MethodInvocationAgent.invoke(TestInvoker.java:923)
at org.testng.internal.invokers.TestInvoker.invokeTestMethods(TestInvoker.java:192)
at org.testng.internal.invokers.TestMethodWorker.invokeTestMethods(TestMethodWorker.java:146)
at org.testng.internal.invokers.TestMethodWorker.run(TestMethodWorker.java:128)
at java.base/java.util.ArrayList.forEach(ArrayList.java:1596)
at org.testng.TestRunner.privateRun(TestRunner.java:808)
at org.testng.TestRunner.run(TestRunner.java:603)
at org.testng.SuiteRunner.runTest(SuiteRunner.java:429)
at org.testng.SuiteRunner.access$000(SuiteRunner.java:32)
at org.testng.SuiteRunner$SuiteWorker.run(SuiteRunner.java:467)
at org.testng.internal.thread.ThreadUtil.lambda$execute$0(ThreadUtil.java:58)
at java.base/java.util.concurrent.FutureTask.run(FutureTask.java:317)
at java.base/java.util.concurrent.ThreadPoolExecutor.runWorker(ThreadPoolExecutor.java:1144)
at java.base/java.util.concurrent.ThreadPoolExecutor$Worker.run(ThreadPoolExecutor.java:642)
at java.base/java.lang.Thread.run(Thread.java:1583)
Caused by: com.microsoft.playwright.impl.DriverException: Error {
  message='Unexpected token "" while parsing css selector "". Did you mean to CSS.escape it?
  name='Error
  stack='Error: Unexpected token "" while parsing css selector "". Did you mean to CSS.escape it?
    at unexpected (C:\Users\amits\AppData\Local\Temp\playwright-java-16052119007012967509\package\lib\utils\isomorphic\cssParser.js:69:12)
    at consumeSimpleSelector (C:\Users\amits\AppData\Local\Temp\playwright-java-16052119007012967509\package\lib\utils\isomorphic\cssParser.js:200:13)
    at consumeComplexSelector (C:\Users\amits\AppData\Local\Temp\playwright-java-16052119007012967509\package\lib\utils\isomorphic\cssParser.js:133:40)
    at consumeArgument (C:\Users\amits\AppData\Local\Temp\playwright-java-16052119007012967509\package\lib\utils\isomorphic\cssParser.js:125:12)
    at consumeFunctionArguments (C:\Users\amits\AppData\Local\Temp\playwright-java-16052119007012967509\package\lib\utils\isomorphic\cssParser.js:109:22)
    at parseCSS (C:\Users\amits\AppData\Local\Temp\playwright-java-16052119007012967509\package\lib\utils\isomorphic\cssParser.js:217:18)
    at parseSelector (C:\Users\amits\AppData\Local\Temp\playwright-java-16052119007012967509\package\lib\utils\isomorphic\selectorParser.js:43:55)
    at splitSelectorByFrame (C:\Users\amits\AppData\Local\Temp\playwright-java-16052119007012967509\package\lib\utils\isomorphic\selectorParser.js:85:20)
    at FrameSelectors.resolveFrameForSelector (C:\Users\amits\AppData\Local\Temp\playwright-java-16052119007012967509\package\lib\server\frameSelectors.js:101:72)
    at FrameSelectors.resolveInjectedForSelector (C:\Users\amits\AppData\Local\Temp\playwright-java-16052119007012967509\package\lib\server\frameSelectors.js:137:33)
}
Call log:
-     - checking visibility of

at com.microsoft.playwright.impl.Connection.dispatch(Connection.java:262)
at com.microsoft.playwright.impl.Connection.processOneMessage(Connection.java:214)
at com.microsoft.playwright.impl.ChannelOwner.runUntil(ChannelOwner.java:136)
... 28 more
]]>
            </full-stacktrace>
          </exception> <!-- com.microsoft.playwright.PlaywrightException -->
          <reporter-output>
          </reporter-output>
        </test-method> <!-- appLoginTest -->
      </class> <!-- com.qa.opencart.tests.LoginPageTest -->
    </test> <!-- Open Cart Login Page Test -->
    <test started-at="2025-08-18T16:44:29 IST" name="Open Cart Home Page Test" finished-at="2025-08-18T16:44:47 IST" duration-ms="17939">
      <class name="com.qa.opencart.tests.HomePageTest">
        <test-method is-config="true" signature="setup()[pri:0, instance:com.qa.opencart.tests.HomePageTest@35ef1869]" started-at="2025-08-18T16:44:29 IST" name="setup" finished-at="2025-08-18T16:44:45 IST" duration-ms="15962" status="PASS">
          <reporter-output>
          </reporter-output>
        </test-method> <!-- setup -->
        <test-method signature="homePageTitleTest()[pri:0, instance:com.qa.opencart.tests.HomePageTest@35ef1869]" started-at="2025-08-18T16:44:45 IST" name="homePageTitleTest" finished-at="2025-08-18T16:44:45 IST" duration-ms="17" status="PASS">
          <reporter-output>
          </reporter-output>
        </test-method> <!-- homePageTitleTest -->
        <test-method signature="homePageURL()[pri:0, instance:com.qa.opencart.tests.HomePageTest@35ef1869]" started-at="2025-08-18T16:44:45 IST" name="homePageURL" finished-at="2025-08-18T16:44:45 IST" duration-ms="3" status="PASS">
          <reporter-output>
          </reporter-output>
        </test-method> <!-- homePageURL -->
        <test-method signature="searchTest(java.lang.String)[pri:0, instance:com.qa.opencart.tests.HomePageTest@35ef1869]" started-at="2025-08-18T16:44:45 IST" name="searchTest" data-provider="getProductData" finished-at="2025-08-18T16:44:46 IST" duration-ms="565" status="PASS">
          <params>
            <param index="0">
              <value>
                <![CDATA[MacBook]]>
              </value>
            </param>
          </params>
          <reporter-output>
          </reporter-output>
        </test-method> <!-- searchTest -->
        <test-method signature="searchTest(java.lang.String)[pri:0, instance:com.qa.opencart.tests.HomePageTest@35ef1869]" started-at="2025-08-18T16:44:46 IST" name="searchTest" data-provider="getProductData" finished-at="2025-08-18T16:44:47 IST" duration-ms="929" status="PASS">
          <params>
            <param index="0">
              <value>
                <![CDATA[imac]]>
              </value>
            </param>
          </params>
          <reporter-output>
          </reporter-output>
        </test-method> <!-- searchTest -->
        <test-method signature="searchTest(java.lang.String)[pri:0, instance:com.qa.opencart.tests.HomePageTest@35ef1869]" started-at="2025-08-18T16:44:47 IST" name="searchTest" data-provider="getProductData" finished-at="2025-08-18T16:44:47 IST" duration-ms="434" status="PASS">
          <params>
            <param index="0">
              <value>
                <![CDATA[Samsung]]>
              </value>
            </param>
          </params>
          <reporter-output>
          </reporter-output>
        </test-method> <!-- searchTest -->
      </class> <!-- com.qa.opencart.tests.HomePageTest -->
    </test> <!-- Open Cart Home Page Test -->
  </suite> <!-- Open Cart Test Regression Playwright Suite -->
</testng-results>
