<?xml version="1.0" encoding="UTF-8"?>
<!-- Generated by org.testng.reporters.JUnitXMLReporter -->
<testsuite ignored="0" hostname="LAPTOP-8FPMAEFB" failures="1" tests="3" name="Open Cart Login Page Test" time="17.074" errors="0" timestamp="2025-08-18T16:44:47 IST">
  <testcase classname="com.qa.opencart.tests.LoginPageTest" name="loginPageNavigationTest" time="0.721"/>
  <testcase classname="com.qa.opencart.tests.LoginPageTest" name="forgotPwdLinkExistTest" time="0.041"/>
  <testcase classname="com.qa.opencart.tests.LoginPageTest" name="appLoginTest" time="0.473">
    <failure type="com.microsoft.playwright.PlaywrightException" message="Error {
  message=&amp;apos;Unexpected token &amp;quot;&amp;quot; while parsing css selector &amp;quot;&amp;quot;. Did you mean to CSS.escape it?
  name=&amp;apos;Error
  stack=&amp;apos;Error: Unexpected token &amp;quot;&amp;quot; while parsing css selector &amp;quot;&amp;quot;. Did you mean to CSS.escape it?
    at unexpected (C:\Users\amits\AppData\Local\Temp\playwright-java-16052119007012967509\package\lib\utils\isomorphic\cssParser.js:69:12)
    at consumeSimpleSelector (C:\Users\amits\AppData\Local\Temp\playwright-java-16052119007012967509\package\lib\utils\isomorphic\cssParser.js:200:13)
    at consumeComplexSelector (C:\Users\amits\AppData\Local\Temp\playwright-java-16052119007012967509\package\lib\utils\isomorphic\cssParser.js:133:40)
    at consumeArgument (C:\Users\amits\AppData\Local\Temp\playwright-java-16052119007012967509\package\lib\utils\isomorphic\cssParser.js:125:12)
    at consumeFunctionArguments (C:\Users\amits\AppData\Local\Temp\playwright-java-16052119007012967509\package\lib\utils\isomorphic\cssParser.js:109:22)
    at parseCSS (C:\Users\amits\AppData\Local\Temp\playwright-java-16052119007012967509\package\lib\utils\isomorphic\cssParser.js:217:18)
    at parseSelector (C:\Users\amits\AppData\Local\Temp\playwright-java-16052119007012967509\package\lib\utils\isomorphic\selectorParser.js:43:55)
    at splitSelectorByFrame (C:\Users\amits\AppData\Local\Temp\playwright-java-16052119007012967509\package\lib\utils\isomorphic\selectorParser.js:85:20)
    at FrameSelectors.resolveFrameForSelector (C:\Users\amits\AppData\Local\Temp\playwright-java-16052119007012967509\package\lib\server\frameSelectors.js:101:72)
    at FrameSelectors.resolveInjectedForSelector (C:\Users\amits\AppData\Local\Temp\playwright-java-16052119007012967509\package\lib\server\frameSelectors.js:137:33)
}
Call log:
-     - checking visibility of
">
      <![CDATA[com.microsoft.playwright.PlaywrightException: Error {
  message='Unexpected token "" while parsing css selector "". Did you mean to CSS.escape it?
  name='Error
  stack='Error: Unexpected token "" while parsing css selector "". Did you mean to CSS.escape it?
    at unexpected (C:\Users\amits\AppData\Local\Temp\playwright-java-16052119007012967509\package\lib\utils\isomorphic\cssParser.js:69:12)
    at consumeSimpleSelector (C:\Users\amits\AppData\Local\Temp\playwright-java-16052119007012967509\package\lib\utils\isomorphic\cssParser.js:200:13)
    at consumeComplexSelector (C:\Users\amits\AppData\Local\Temp\playwright-java-16052119007012967509\package\lib\utils\isomorphic\cssParser.js:133:40)
    at consumeArgument (C:\Users\amits\AppData\Local\Temp\playwright-java-16052119007012967509\package\lib\utils\isomorphic\cssParser.js:125:12)
    at consumeFunctionArguments (C:\Users\amits\AppData\Local\Temp\playwright-java-16052119007012967509\package\lib\utils\isomorphic\cssParser.js:109:22)
    at parseCSS (C:\Users\amits\AppData\Local\Temp\playwright-java-16052119007012967509\package\lib\utils\isomorphic\cssParser.js:217:18)
    at parseSelector (C:\Users\amits\AppData\Local\Temp\playwright-java-16052119007012967509\package\lib\utils\isomorphic\selectorParser.js:43:55)
    at splitSelectorByFrame (C:\Users\amits\AppData\Local\Temp\playwright-java-16052119007012967509\package\lib\utils\isomorphic\selectorParser.js:85:20)
    at FrameSelectors.resolveFrameForSelector (C:\Users\amits\AppData\Local\Temp\playwright-java-16052119007012967509\package\lib\server\frameSelectors.js:101:72)
    at FrameSelectors.resolveInjectedForSelector (C:\Users\amits\AppData\Local\Temp\playwright-java-16052119007012967509\package\lib\server\frameSelectors.js:137:33)
}
Call log:
-     - checking visibility of

at com.microsoft.playwright.impl.WaitableResult.get(WaitableResult.java:56)
at com.microsoft.playwright.impl.ChannelOwner.runUntil(ChannelOwner.java:138)
at com.microsoft.playwright.impl.Connection.sendMessage(Connection.java:131)
at com.microsoft.playwright.impl.ChannelOwner.sendMessage(ChannelOwner.java:124)
at com.microsoft.playwright.impl.FrameImpl.isVisibleImpl(FrameImpl.java:597)
at com.microsoft.playwright.impl.PageImpl.isVisible(PageImpl.java:978)
at com.microsoft.playwright.Page.isVisible(Page.java:5716)
at com.qa.opencart.pages.LoginPage.doLogin(LoginPage.java:34)
at com.qa.opencart.tests.LoginPageTest.appLoginTest(LoginPageTest.java:27)
at java.base/jdk.internal.reflect.DirectMethodHandleAccessor.invoke(DirectMethodHandleAccessor.java:103)
at java.base/java.lang.reflect.Method.invoke(Method.java:580)
at org.testng.internal.invokers.MethodInvocationHelper.invokeMethod(MethodInvocationHelper.java:136)
at org.testng.internal.invokers.TestInvoker.invokeMethod(TestInvoker.java:658)
at org.testng.internal.invokers.TestInvoker.invokeTestMethod(TestInvoker.java:219)
at org.testng.internal.invokers.MethodRunner.runInSequence(MethodRunner.java:50)
at org.testng.internal.invokers.TestInvoker$MethodInvocationAgent.invoke(TestInvoker.java:923)
at org.testng.internal.invokers.TestInvoker.invokeTestMethods(TestInvoker.java:192)
at org.testng.internal.invokers.TestMethodWorker.invokeTestMethods(TestMethodWorker.java:146)
at org.testng.internal.invokers.TestMethodWorker.run(TestMethodWorker.java:128)
at java.base/java.util.ArrayList.forEach(ArrayList.java:1596)
at org.testng.TestRunner.privateRun(TestRunner.java:808)
at org.testng.TestRunner.run(TestRunner.java:603)
at org.testng.SuiteRunner.runTest(SuiteRunner.java:429)
at org.testng.SuiteRunner.access$000(SuiteRunner.java:32)
at org.testng.SuiteRunner$SuiteWorker.run(SuiteRunner.java:467)
at org.testng.internal.thread.ThreadUtil.lambda$execute$0(ThreadUtil.java:58)
at java.base/java.util.concurrent.FutureTask.run(FutureTask.java:317)
at java.base/java.util.concurrent.ThreadPoolExecutor.runWorker(ThreadPoolExecutor.java:1144)
at java.base/java.util.concurrent.ThreadPoolExecutor$Worker.run(ThreadPoolExecutor.java:642)
at java.base/java.lang.Thread.run(Thread.java:1583)
Caused by: com.microsoft.playwright.impl.DriverException: Error {
  message='Unexpected token "" while parsing css selector "". Did you mean to CSS.escape it?
  name='Error
  stack='Error: Unexpected token "" while parsing css selector "". Did you mean to CSS.escape it?
    at unexpected (C:\Users\amits\AppData\Local\Temp\playwright-java-16052119007012967509\package\lib\utils\isomorphic\cssParser.js:69:12)
    at consumeSimpleSelector (C:\Users\amits\AppData\Local\Temp\playwright-java-16052119007012967509\package\lib\utils\isomorphic\cssParser.js:200:13)
    at consumeComplexSelector (C:\Users\amits\AppData\Local\Temp\playwright-java-16052119007012967509\package\lib\utils\isomorphic\cssParser.js:133:40)
    at consumeArgument (C:\Users\amits\AppData\Local\Temp\playwright-java-16052119007012967509\package\lib\utils\isomorphic\cssParser.js:125:12)
    at consumeFunctionArguments (C:\Users\amits\AppData\Local\Temp\playwright-java-16052119007012967509\package\lib\utils\isomorphic\cssParser.js:109:22)
    at parseCSS (C:\Users\amits\AppData\Local\Temp\playwright-java-16052119007012967509\package\lib\utils\isomorphic\cssParser.js:217:18)
    at parseSelector (C:\Users\amits\AppData\Local\Temp\playwright-java-16052119007012967509\package\lib\utils\isomorphic\selectorParser.js:43:55)
    at splitSelectorByFrame (C:\Users\amits\AppData\Local\Temp\playwright-java-16052119007012967509\package\lib\utils\isomorphic\selectorParser.js:85:20)
    at FrameSelectors.resolveFrameForSelector (C:\Users\amits\AppData\Local\Temp\playwright-java-16052119007012967509\package\lib\server\frameSelectors.js:101:72)
    at FrameSelectors.resolveInjectedForSelector (C:\Users\amits\AppData\Local\Temp\playwright-java-16052119007012967509\package\lib\server\frameSelectors.js:137:33)
}
Call log:
-     - checking visibility of

at com.microsoft.playwright.impl.Connection.dispatch(Connection.java:262)
at com.microsoft.playwright.impl.Connection.processOneMessage(Connection.java:214)
at com.microsoft.playwright.impl.ChannelOwner.runUntil(ChannelOwner.java:136)
... 28 more
]]>
    </failure>
  </testcase> <!-- appLoginTest -->
</testsuite> <!-- Open Cart Login Page Test -->
